-------------------------------------------------------------------------------
Test set: com.devonfw.application.jtqj.general.common.base.PermissionCheckTest
-------------------------------------------------------------------------------
Tests run: 1, Failures: 1, Errors: 0, Skipped: 0, Time elapsed: 1.001 s <<< FAILURE! - in com.devonfw.application.jtqj.general.common.base.PermissionCheckTest
permissionCheckAnnotationPresent(com.devonfw.application.jtqj.general.common.base.PermissionCheckTest)  Time elapsed: 0.994 s  <<< FAILURE!
org.assertj.core.api.SoftAssertionError: 

The following 12 assertions failed:
1) [Method findQueue in Class UcFindQueueImpl is missing access control] expected:<[tru]e> but was:<[fals]e>
at PermissionCheckTest.permissionCheckAnnotationPresent(PermissionCheckTest.java:60) expected:<[tru]e> but was:<[fals]e>
2) [Method findQueues in Class UcFindQueueImpl is missing access control] expected:<[tru]e> but was:<[fals]e>
at PermissionCheckTest.permissionCheckAnnotationPresent(PermissionCheckTest.java:60) expected:<[tru]e> but was:<[fals]e>
3) [Method deleteQueue in Class UcManageQueueImpl is missing access control] expected:<[tru]e> but was:<[fals]e>
at PermissionCheckTest.permissionCheckAnnotationPresent(PermissionCheckTest.java:60) expected:<[tru]e> but was:<[fals]e>
4) [Method saveQueue in Class UcManageQueueImpl is missing access control] expected:<[tru]e> but was:<[fals]e>
at PermissionCheckTest.permissionCheckAnnotationPresent(PermissionCheckTest.java:60) expected:<[tru]e> but was:<[fals]e>
5) [Method findAccessCodeCtos in Class UcFindAccessCodeImpl is missing access control] expected:<[tru]e> but was:<[fals]e>
at PermissionCheckTest.permissionCheckAnnotationPresent(PermissionCheckTest.java:60) expected:<[tru]e> but was:<[fals]e>
6) [Method findAccessCodeCto in Class UcFindAccessCodeImpl is missing access control] expected:<[tru]e> but was:<[fals]e>
at PermissionCheckTest.permissionCheckAnnotationPresent(PermissionCheckTest.java:60) expected:<[tru]e> but was:<[fals]e>
7) [Method deleteAccessCode in Class UcManageAccessCodeImpl is missing access control] expected:<[tru]e> but was:<[fals]e>
at PermissionCheckTest.permissionCheckAnnotationPresent(PermissionCheckTest.java:60) expected:<[tru]e> but was:<[fals]e>
8) [Method saveAccessCode in Class UcManageAccessCodeImpl is missing access control] expected:<[tru]e> but was:<[fals]e>
at PermissionCheckTest.permissionCheckAnnotationPresent(PermissionCheckTest.java:60) expected:<[tru]e> but was:<[fals]e>
9) [Method findVisitor in Class UcFindVisitorImpl is missing access control] expected:<[tru]e> but was:<[fals]e>
at PermissionCheckTest.permissionCheckAnnotationPresent(PermissionCheckTest.java:60) expected:<[tru]e> but was:<[fals]e>
10) [Method findVisitors in Class UcFindVisitorImpl is missing access control] expected:<[tru]e> but was:<[fals]e>
at PermissionCheckTest.permissionCheckAnnotationPresent(PermissionCheckTest.java:60) expected:<[tru]e> but was:<[fals]e>
11) [Method deleteVisitor in Class UcManageVisitorImpl is missing access control] expected:<[tru]e> but was:<[fals]e>
at PermissionCheckTest.permissionCheckAnnotationPresent(PermissionCheckTest.java:60) expected:<[tru]e> but was:<[fals]e>
12) [Method saveVisitor in Class UcManageVisitorImpl is missing access control] expected:<[tru]e> but was:<[fals]e>
at PermissionCheckTest.permissionCheckAnnotationPresent(PermissionCheckTest.java:60) expected:<[tru]e> but was:<[fals]e>

	at com.devonfw.application.jtqj.general.common.base.PermissionCheckTest.permissionCheckAnnotationPresent(PermissionCheckTest.java:65)

